2022-08-23 23:47:50,535 : INFO : test_verify_LoginPage_title : title verified succesfully
2022-08-23 23:47:50,710 : INFO : test_login : login successfully
2022-08-23 23:47:50,715 : INFO : test_verify_profilePage_title : profile page title verified
2022-08-24 00:02:04,739 : INFO : test_verify_LoginPage_title : title verified succesfully
2022-08-24 00:02:04,921 : INFO : test_login : login successfully
2022-08-24 00:02:09,789 : INFO : test_verify_profilePage_title : profile page title verified
2022-08-24 00:04:32,618 : INFO : test_verify_LoginPage_title : title verified succesfully
2022-08-24 00:04:32,787 : INFO : test_login : login successfully
2022-08-24 00:04:32,813 : INFO : test_verify_profilePage_title : profile page title verified
2022-08-24 00:04:45,055 : INFO : test_settings : successfully got the total number of blocked users
2022-08-24 00:07:59,897 : INFO : test_verify_LoginPage_title : title verified succesfully
2022-08-24 00:08:00,079 : INFO : test_login : login successfully
2022-08-24 00:08:04,897 : INFO : test_verify_profilePage_title : profile page title verified
2022-08-24 00:09:19,042 : INFO : test_verify_LoginPage_title : title verified succesfully
2022-08-24 00:09:19,224 : INFO : test_login : login successfully
2022-08-24 00:09:23,972 : INFO : test_verify_profilePage_title : profile page title verified
2022-08-24 00:10:41,850 : INFO : test_verify_LoginPage_title : title verified succesfully
2022-08-24 00:10:42,030 : INFO : test_login : login successfully
2022-08-24 00:10:46,704 : INFO : test_verify_profilePage_title : profile page title verified
2022-08-24 00:10:52,713 : INFO : test_settings : successfully got the total number of blocked users
2022-08-24 00:13:05,941 : INFO : test_verify_LoginPage_title : title verified succesfully
2022-08-24 00:13:06,119 : INFO : test_login : login successfully
2022-08-24 00:13:11,561 : INFO : test_verify_profilePage_title : profile page title verified
2022-08-24 00:13:18,253 : INFO : test_settings : successfully got the total number of blocked users
2022-08-24 00:13:20,138 : INFO : test_logout : logout successfully
2022-08-24 00:15:45,757 : INFO : test_verify_LoginPage_title : title verified succesfully
2022-08-24 00:15:45,940 : INFO : test_login : login successfully
2022-08-24 00:15:50,417 : INFO : test_verify_profilePage_title : profile page title verified
2022-08-24 00:16:06,659 : INFO : test_settings : successfully got the total number of blocked users
2022-08-24 00:16:08,453 : INFO : test_logout : logout successfully
2022-08-24 00:18:15,916 : INFO : test_verify_LoginPage_title : title verified succesfully
2022-08-24 00:18:16,101 : INFO : test_login : login successfully
2022-08-24 00:18:20,808 : INFO : test_verify_profilePage_title : profile page title verified
2022-08-24 00:18:20,866 : INFO : test_verify_profile_name : profile name verified successfully
2022-08-24 00:18:27,599 : INFO : test_settings : successfully got the total number of blocked users
2022-08-24 00:18:29,892 : INFO : test_logout : logout successfully
2022-08-24 09:58:08,314 : INFO : test_verify_LoginPage_title : title verified succesfully
2022-08-24 09:58:08,552 : INFO : test_login : login successfully
2022-08-24 09:58:08,558 : INFO : test_verify_profilePage_title : profile page title verified
2022-08-24 09:58:17,235 : INFO : test_verify_profile_name : profile name verified successfully
2022-08-24 09:58:22,984 : INFO : test_settings : successfully got the total number of blocked users
2022-08-24 09:58:24,593 : INFO : test_logout : logout successfully
2022-08-24 09:58:40,479 : INFO : test_verify_LoginPage_title : title verified succesfully
2022-08-24 09:58:40,649 : INFO : test_login : login successfully
2022-08-24 09:58:45,257 : INFO : test_verify_profilePage_title : profile page title verified
2022-08-24 09:58:45,360 : INFO : test_verify_profile_name : profile name verified successfully
2022-08-24 09:58:51,505 : INFO : test_settings : successfully got the total number of blocked users
2022-08-24 09:58:53,079 : INFO : test_logout : logout successfully
